# JRE version: OpenJDK Runtime Environment (11.0.4+11) (build 11.0.4+11-post-Ubuntu-1ubuntu218.04.3)
# Java VM: OpenJDK 64-Bit Server VM (11.0.4+11-post-Ubuntu-1ubuntu218.04.3, mixed mode, sharing, tiered, compressed oops, g1 gc, linux-amd64)
Heap:
 garbage-first heap   total 973824K, used 80504K [0x0000000086200000, 0x0000000100000000)
  region size 1024K, 2 young (2048K), 2 survivors (2048K)
 Metaspace       used 67683K, capacity 69991K, committed 70300K, reserved 1110016K
  class space    used 9227K, capacity 10100K, committed 10236K, reserved 1048576K
GC Heap History (10 events):
Event: 4677.571 GC heap after
{Heap after GC invocations=708 (full 0):
 garbage-first heap   total 324608K, used 70899K [0x0000000086200000, 0x0000000100000000)
  region size 1024K, 8 young (8192K), 8 survivors (8192K)
 Metaspace       used 67683K, capacity 69991K, committed 70300K, reserved 1110016K
  class space    used 9227K, capacity 10100K, committed 10236K, reserved 1048576K
}
Event: 4684.743 GC heap before
{Heap before GC invocations=708 (full 0):
 garbage-first heap   total 324608K, used 257267K [0x0000000086200000, 0x0000000100000000)
  region size 1024K, 190 young (194560K), 8 survivors (8192K)
 Metaspace       used 67683K, capacity 69991K, committed 70300K, reserved 1110016K
  class space    used 9227K, capacity 10100K, committed 10236K, reserved 1048576K
}
Event: 4684.744 GC heap after
{Heap after GC invocations=709 (full 0):
 garbage-first heap   total 324608K, used 65738K [0x0000000086200000, 0x0000000100000000)
  region size 1024K, 3 young (3072K), 3 survivors (3072K)
 Metaspace       used 67683K, capacity 69991K, committed 70300K, reserved 1110016K
  class space    used 9227K, capacity 10100K, committed 10236K, reserved 1048576K
}
Event: 4690.917 GC heap before
{Heap before GC invocations=709 (full 0):
 garbage-first heap   total 324608K, used 257226K [0x0000000086200000, 0x0000000100000000)
  region size 1024K, 190 young (194560K), 3 survivors (3072K)
 Metaspace       used 67683K, capacity 69991K, committed 70300K, reserved 1110016K
  class space    used 9227K, capacity 10100K, committed 10236K, reserved 1048576K
}
Event: 4694.329 GC heap after
{Heap after GC invocations=710 (full 0):
 garbage-first heap   total 324608K, used 71398K [0x0000000086200000, 0x0000000100000000)
  region size 1024K, 9 young (9216K), 9 survivors (9216K)
 Metaspace       used 67683K, capacity 69991K, committed 70300K, reserved 1110016K
  class space    used 9227K, capacity 10100K, committed 10236K, reserved 1048576K
}
Event: 4694.418 GC heap before
{Heap before GC invocations=710 (full 0):
 garbage-first heap   total 324608K, used 80614K [0x0000000086200000, 0x0000000100000000)
  region size 1024K, 18 young (18432K), 9 survivors (9216K)
 Metaspace       used 67683K, capacity 69991K, committed 70300K, reserved 1110016K
  class space    used 9227K, capacity 10100K, committed 10236K, reserved 1048576K
}
Event: 4698.933 GC heap after
{Heap after GC invocations=711 (full 0):
 garbage-first heap   total 324608K, used 73963K [0x0000000086200000, 0x0000000100000000)
  region size 1024K, 3 young (3072K), 3 survivors (3072K)
 Metaspace       used 67683K, capacity 69991K, committed 70300K, reserved 1110016K
  class space    used 9227K, capacity 10100K, committed 10236K, reserved 1048576K
}
Event: 4700.213 GC heap before
{Heap before GC invocations=711 (full 0):
 garbage-first heap   total 324608K, used 86251K [0x0000000086200000, 0x0000000100000000)
  region size 1024K, 15 young (15360K), 3 survivors (3072K)
 Metaspace       used 67683K, capacity 69991K, committed 70300K, reserved 1110016K
  class space    used 9227K, capacity 10100K, committed 10236K, reserved 1048576K
}
Event: 4700.594 GC heap after
{Heap after GC invocations=712 (full 0):
 garbage-first heap   total 324608K, used 77001K [0x0000000086200000, 0x0000000100000000)
  region size 1024K, 2 young (2048K), 2 survivors (2048K)
 Metaspace       used 67683K, capacity 69991K, committed 70300K, reserved 1110016K
  class space    used 9227K, capacity 10100K, committed 10236K, reserved 1048576K
}
Event: 4706.029 GC heap before
{Heap before GC invocations=712 (full 0):
 garbage-first heap   total 324608K, used 90313K [0x0000000086200000, 0x0000000100000000)
  region size 1024K, 15 young (15360K), 2 survivors (2048K)
 Metaspace       used 67683K, capacity 69991K, committed 70300K, reserved 1110016K
  class space    used 9227K, capacity 10100K, committed 10236K, reserved 1048576K
}

