# JRE version: OpenJDK Runtime Environment (11.0.4+11) (build 11.0.4+11-post-Ubuntu-1ubuntu218.04.3)
# Java VM: OpenJDK 64-Bit Server VM (11.0.4+11-post-Ubuntu-1ubuntu218.04.3, mixed mode, sharing, tiered, compressed oops, g1 gc, linux-amd64)
Heap:
 garbage-first heap   total 1017856K, used 103618K [0x0000000086200000, 0x0000000100000000)
  region size 1024K, 3 young (3072K), 3 survivors (3072K)
 Metaspace       used 61764K, capacity 64018K, committed 64256K, reserved 1103872K
  class space    used 8533K, capacity 9399K, committed 9472K, reserved 1048576K
GC Heap History (10 events):
Event: 3619.165 GC heap after
{Heap after GC invocations=2308 (full 1):
 garbage-first heap   total 364544K, used 97057K [0x0000000086200000, 0x0000000100000000)
  region size 1024K, 6 young (6144K), 6 survivors (6144K)
 Metaspace       used 61764K, capacity 64018K, committed 64256K, reserved 1103872K
  class space    used 8533K, capacity 9399K, committed 9472K, reserved 1048576K
}
Event: 3626.685 GC heap before
{Heap before GC invocations=2308 (full 1):
 garbage-first heap   total 364544K, used 309025K [0x0000000086200000, 0x0000000100000000)
  region size 1024K, 213 young (218112K), 6 survivors (6144K)
 Metaspace       used 61764K, capacity 64018K, committed 64256K, reserved 1103872K
  class space    used 8533K, capacity 9399K, committed 9472K, reserved 1048576K
}
Event: 3632.249 GC heap after
{Heap after GC invocations=2309 (full 1):
 garbage-first heap   total 364544K, used 100365K [0x0000000086200000, 0x0000000100000000)
  region size 1024K, 9 young (9216K), 9 survivors (9216K)
 Metaspace       used 61764K, capacity 64018K, committed 64256K, reserved 1103872K
  class space    used 8533K, capacity 9399K, committed 9472K, reserved 1048576K
}
Event: 3634.559 GC heap before
{Heap before GC invocations=2309 (full 1):
 garbage-first heap   total 364544K, used 108557K [0x0000000086200000, 0x0000000100000000)
  region size 1024K, 17 young (17408K), 9 survivors (9216K)
 Metaspace       used 61764K, capacity 64018K, committed 64256K, reserved 1103872K
  class space    used 8533K, capacity 9399K, committed 9472K, reserved 1048576K
}
Event: 3634.949 GC heap after
{Heap after GC invocations=2310 (full 1):
 garbage-first heap   total 364544K, used 92969K [0x0000000086200000, 0x0000000100000000)
  region size 1024K, 2 young (2048K), 2 survivors (2048K)
 Metaspace       used 61764K, capacity 64018K, committed 64256K, reserved 1103872K
  class space    used 8533K, capacity 9399K, committed 9472K, reserved 1048576K
}
Event: 3635.123 GC heap before
{Heap before GC invocations=2310 (full 1):
 garbage-first heap   total 364544K, used 108329K [0x0000000086200000, 0x0000000100000000)
  region size 1024K, 17 young (17408K), 2 survivors (2048K)
 Metaspace       used 61764K, capacity 64018K, committed 64256K, reserved 1103872K
  class space    used 8533K, capacity 9399K, committed 9472K, reserved 1048576K
}
Event: 3635.587 GC heap after
{Heap after GC invocations=2311 (full 1):
 garbage-first heap   total 364544K, used 95727K [0x0000000086200000, 0x0000000100000000)
  region size 1024K, 3 young (3072K), 3 survivors (3072K)
 Metaspace       used 61764K, capacity 64018K, committed 64256K, reserved 1103872K
  class space    used 8533K, capacity 9399K, committed 9472K, reserved 1048576K
}
Event: 3635.741 GC heap before
{Heap before GC invocations=2311 (full 1):
 garbage-first heap   total 364544K, used 110063K [0x0000000086200000, 0x0000000100000000)
  region size 1024K, 17 young (17408K), 3 survivors (3072K)
 Metaspace       used 61764K, capacity 64018K, committed 64256K, reserved 1103872K
  class space    used 8533K, capacity 9399K, committed 9472K, reserved 1048576K
}
Event: 3635.933 GC heap after
{Heap after GC invocations=2312 (full 1):
 garbage-first heap   total 364544K, used 99538K [0x0000000086200000, 0x0000000100000000)
  region size 1024K, 3 young (3072K), 3 survivors (3072K)
 Metaspace       used 61764K, capacity 64018K, committed 64256K, reserved 1103872K
  class space    used 8533K, capacity 9399K, committed 9472K, reserved 1048576K
}
Event: 3637.124 GC heap before
{Heap before GC invocations=2312 (full 1):
 garbage-first heap   total 364544K, used 113874K [0x0000000086200000, 0x0000000100000000)
  region size 1024K, 17 young (17408K), 3 survivors (3072K)
 Metaspace       used 61764K, capacity 64018K, committed 64256K, reserved 1103872K
  class space    used 8533K, capacity 9399K, committed 9472K, reserved 1048576K
}

